<?xml version="1.0" encoding="UTF-8"?>
<!-- Generated by org.testng.reporters.JUnitXMLReporter -->
<testsuite ignored="0" hostname="LAPTOP-G06LN27R" failures="5" tests="5" name="Test" time="12.607" errors="0" timestamp="2022-11-21T10:54:04 AEDT">
  <testcase classname="testCases.TC_003_LoginDataDrivenTest" name="test_LoginDDT" time="0.712">
    <failure type="java.lang.Error" message="Unresolved compilation problem: 
	Password cannot be resolved
">
      <![CDATA[java.lang.Error: Unresolved compilation problem: 
Password cannot be resolved

at pageObjects.LoginPage.setpassoword(LoginPage.java:37)
at testCases.TC_003_LoginDataDrivenTest.test_LoginDDT(TC_003_LoginDataDrivenTest.java:27)
at java.base/java.util.ArrayList.forEach(ArrayList.java:1511)
... Removed 27 stack frames]]>
    </failure>
  </testcase> <!-- test_LoginDDT -->
  <testcase classname="testCases.TC_003_LoginDataDrivenTest" name="test_LoginDDT" time="0.58">
    <failure type="java.lang.Error" message="Unresolved compilation problem: 
	Password cannot be resolved
">
      <![CDATA[java.lang.Error: Unresolved compilation problem: 
Password cannot be resolved

at pageObjects.LoginPage.setpassoword(LoginPage.java:37)
at testCases.TC_003_LoginDataDrivenTest.test_LoginDDT(TC_003_LoginDataDrivenTest.java:27)
at java.base/java.util.ArrayList.forEach(ArrayList.java:1511)
... Removed 27 stack frames]]>
    </failure>
  </testcase> <!-- test_LoginDDT -->
  <testcase classname="testCases.TC_003_LoginDataDrivenTest" name="test_LoginDDT" time="0.565">
    <failure type="java.lang.Error" message="Unresolved compilation problem: 
	Password cannot be resolved
">
      <![CDATA[java.lang.Error: Unresolved compilation problem: 
Password cannot be resolved

at pageObjects.LoginPage.setpassoword(LoginPage.java:37)
at testCases.TC_003_LoginDataDrivenTest.test_LoginDDT(TC_003_LoginDataDrivenTest.java:27)
at java.base/java.util.ArrayList.forEach(ArrayList.java:1511)
... Removed 27 stack frames]]>
    </failure>
  </testcase> <!-- test_LoginDDT -->
  <testcase classname="testCases.TC_003_LoginDataDrivenTest" name="test_LoginDDT" time="0.593">
    <failure type="java.lang.Error" message="Unresolved compilation problem: 
	Password cannot be resolved
">
      <![CDATA[java.lang.Error: Unresolved compilation problem: 
Password cannot be resolved

at pageObjects.LoginPage.setpassoword(LoginPage.java:37)
at testCases.TC_003_LoginDataDrivenTest.test_LoginDDT(TC_003_LoginDataDrivenTest.java:27)
at java.base/java.util.ArrayList.forEach(ArrayList.java:1511)
... Removed 27 stack frames]]>
    </failure>
  </testcase> <!-- test_LoginDDT -->
  <testcase classname="testCases.TC_003_LoginDataDrivenTest" name="test_LoginDDT" time="0.596">
    <failure type="java.lang.Error" message="Unresolved compilation problem: 
	Password cannot be resolved
">
      <![CDATA[java.lang.Error: Unresolved compilation problem: 
Password cannot be resolved

at pageObjects.LoginPage.setpassoword(LoginPage.java:37)
at testCases.TC_003_LoginDataDrivenTest.test_LoginDDT(TC_003_LoginDataDrivenTest.java:27)
at java.base/java.util.ArrayList.forEach(ArrayList.java:1511)
... Removed 27 stack frames]]>
    </failure>
  </testcase> <!-- test_LoginDDT -->
</testsuite> <!-- Test -->
